<?xml version="1.0" encoding="UTF-8"?>
<!-- Generated by org.testng.reporters.JUnitReportReporter -->
<testsuite hostname="LAPTOP-84F6M2UA" failures="0" tests="4" name="TestingJenkins.TestCase1" time="0.047" errors="0" timestamp="2023-09-14T10:15:28 IST" skipped="0">
  <testcase classname="TestingJenkins.TestCase1" name="sl" time="0.005"/>
  <testcase classname="TestingJenkins.TestCase1" name="jp" time="0.004"/>
  <testcase classname="TestingJenkins.TestCase1" name="ge" time="0.031"/>
  <testcase classname="TestingJenkins.TestCase1" name="po" time="0.007"/>
</testsuite> <!-- TestingJenkins.TestCase1 -->
