<?xml version="1.0" encoding="UTF-8"?>
<!-- Generated by org.testng.reporters.JUnitReportReporter -->
<testsuite hostname="LAPTOP-84F6M2UA" failures="0" tests="4" name="TestingJenkins.TestCase2" time="0.007" errors="0" timestamp="2023-09-14T10:15:28 IST" skipped="0">
  <testcase classname="TestingJenkins.TestCase2" name="no" time="0.001"/>
  <testcase classname="TestingJenkins.TestCase2" name="sa" time="0.001"/>
  <testcase classname="TestingJenkins.TestCase2" name="chi" time="0.003"/>
  <testcase classname="TestingJenkins.TestCase2" name="tu" time="0.002"/>
</testsuite> <!-- TestingJenkins.TestCase2 -->
